aee27249-3193-4e3f-9cee-a4bcef044113:1762260824562:0:S:@'C:\\E-Commerce Order Tracking System\\02_SQL_Scripts\\02_Data.sql'
0212c22c-e207-4ba0-84cb-89869856d274:1762261075438:119:S:select * from customers;
f590eead-3d73-4cab-afbe-7fb805198d07:1762261086882:46:S:select * from products;
fb7de217-6c37-4f9e-8317-3d8ac0f7a9af:1762261097057:43:S:select * from orders;
893209b3-5eb1-45b0-b53d-5ade6988d3cd:1762262472647:4:S:insert into customers (customer_name, email, phone, city) values ('meera n', 'meera2@gmail.com', '9876534984', 'bangalore');
33e175cb-c0bf-4d7e-9388-f59d836f1d49:1762262472921:3:S:insert into customers (customer_name, email, phone, city) values ('vikam s', 'vikam2409@gmail.com', '8970483120', 'hyderabad');
d4cd4a21-f744-4be0-b503-662711eb6dfe:1762262473187:6:S:insert into customers (customer_name, email, phone, city) values ('raj k', 'rajkumar@gmail.com', '6309167428', 'chennai');
28846e1a-f4f6-4fe0-968e-1f099564f7ac:1762262799980:4:S:delete from payments;
0f81f090-1845-4ca8-bb89-971c29dac694:1762262893422:17:S:select * from customers;
b9527a62-c7be-4ba6-a0f2-bde9c869fc09:1762262893546:3:S:delete from payments;
6261ac1e-1858-4644-8ae6-df4959fb3e7a:1762262893654:4:S:delete from order_items;
49c82234-199d-4ab4-b419-31019b377a87:1762262893750:21:S:delete from orders;
8e2cd15f-8fd5-4090-9e91-c43edaa40eca:1762262893867:5:S:delete from products;
baa6a8c0-3265-4d3a-a6cb-79719e78f00b:1762262893961:7:S:delete from customers;
5973466b-16c0-4a59-bbad-9b66502f2b34:1762262894050:25:S:commit;
2a564d63-eff9-44d3-b46e-276f9f088ee9:1762263050645:5:S:insert into customers (customer_name, email, phone, city) values ('meera n', 'meera2@gmail.com', '9876534984', 'bangalore');
8ffb581f-975f-491a-81b8-f3ff52f01e09:1762263050881:4:S:insert into customers (customer_name, email, phone, city) values ('vikam s', 'vikam2409@gmail.com', '8970483120', 'hyderabad');
38b41b76-eecf-44d5-96c7-4b95e0d68bc7:1762263051132:5:S:insert into customers (customer_name, email, phone, city) values ('raj k', 'rajkumar@gmail.com', '6309167428', 'chennai');
b3199bd0-c37c-44db-8e2b-a68b4d8f3752:1762263063895:14:S:select * from customers;
ac404a6f-57c8-41bb-aa2f-f0691facaa6c:1762263080756:0:F:insert into orders (customer_id, order_status, payment_status) values (1, 'processing', 'pending');
c75a4310-08ef-4e25-acef-22604b79c4c0:1762263080974:0:F:insert into orders (customer_id, order_status, payment_status) values (2, 'shipped', 'paid');
81c8a7dc-796d-4c30-bfa6-0a3fb4f74c70:1762263081178:0:F:insert into orders (customer_id, order_status, payment_status) values (3, 'delivered', 'paid');
61988b8f-4e3d-4b8a-b80d-7a8ce08c6eff:1762263304636:0:F:truncate table customers cascade;
eb51d540-d361-407c-b58c-1101d62e7101:1762263305033:0:F:truncate table orders cascade;
03abe44c-e59a-4e1c-9571-9ec903c09df2:1762263305221:293:S:truncate table order_items cascade;
2695586e-909d-4955-88e6-0de6f7fa8146:1762263385958:0:F:insert into customers (customer_id, customer_name, email, phone, city) values (1, 'meera n', 'meera2@gmail.com', '9876534984', 'bangalore');
8c8af891-784e-4071-ae0e-9a33f160fa98:1762263386275:0:F:insert into customers (customer_id, customer_name, email, phone, city) values (2, 'vikam s', 'vikam2409@gmail.com', '8970483120', 'hyderabad');
c1209bf1-3124-4f83-b5b0-f667b6949f74:1762263386568:0:F:insert into customers (customer_id, customer_name, email, phone, city) values (3, 'raj k', 'rajkumar@gmail.com', '6309167428', 'chennai');
a29c8f05-c61f-4cc4-977d-3592e04a7967:1762267191990:717:S:drop table order_audit_log cascade constraints;
aea722fa-4e13-4a86-8ce3-e38488eb3fa0:1762267192896:103:S:drop table payments cascade constraints;
bbfd0b11-1264-4b27-9d0f-3c29dee8fa11:1762267193158:139:S:drop table order_items cascade constraints;
c5f8e64a-e6e0-4e90-84f6-56a60b4461be:1762267193389:0:F:drop table orders cascade constraints;
b305e169-0da5-407b-a3e7-8a3e1c218339:1762267193515:66:S:drop table products cascade constraints;
4c4d8c41-3a9f-4ec3-b3d1-9fc0e3bf7cbe:1762267193672:0:F:drop table customers cascade constraints;
1aa88549-5167-4bf6-a494-0ff7abfcf919:1762267893284:0:F:select object_name, object_type, session_id, type, lmode, request, block from v$locked object;
20be1ca9-c064-4058-afab-6c55d49028a6:1762267944776:0:F:select object_name, object_type, session_id, type, lmode, request, block from v$locked_object;
